  Main.cpp
E:\Nuevo\SimuladorCarreras-C++\SimuladorCarreras-C++\Main.cpp(87,24): warning C4244: 'return': conversión de 'double' a 'float'; posible pérdida de datos
E:\Nuevo\SimuladorCarreras-C++\SimuladorCarreras-C++\Main.cpp(88,22): warning C4244: 'return': conversión de 'int' a 'float'; posible pérdida de datos
E:\Nuevo\SimuladorCarreras-C++\SimuladorCarreras-C++\Main.cpp(89,22): warning C4244: 'return': conversión de 'int' a 'float'; posible pérdida de datos
E:\Nuevo\SimuladorCarreras-C++\SimuladorCarreras-C++\Main.cpp(90,22): warning C4244: 'return': conversión de 'int' a 'float'; posible pérdida de datos
E:\Nuevo\SimuladorCarreras-C++\SimuladorCarreras-C++\Main.cpp(91,22): warning C4244: 'return': conversión de 'int' a 'float'; posible pérdida de datos
E:\Nuevo\SimuladorCarreras-C++\SimuladorCarreras-C++\Main.cpp(112,15): warning C4244: 'argumento': conversión de 'time_t' a 'unsigned int'; posible pérdida de datos
E:\Nuevo\SimuladorCarreras-C++\SimuladorCarreras-C++\Main.cpp(125,22): warning C4244: '=': conversión de 'float' a 'int'; posible pérdida de datos
E:\Nuevo\SimuladorCarreras-C++\SimuladorCarreras-C++\Main.cpp(127,24): warning C4244: 'argumento': conversión de 'float' a 'int'; posible pérdida de datos
E:\Nuevo\SimuladorCarreras-C++\SimuladorCarreras-C++\Main.cpp(127,18): warning C4244: 'argumento': conversión de 'float' a 'int'; posible pérdida de datos
E:\Nuevo\SimuladorCarreras-C++\SimuladorCarreras-C++\Main.cpp(127,41): warning C4244: 'argumento': conversión de 'float' a 'int'; posible pérdida de datos
E:\Nuevo\SimuladorCarreras-C++\SimuladorCarreras-C++\Main.cpp(127,65): warning C4244: 'argumento': conversión de 'float' a 'int'; posible pérdida de datos
E:\Nuevo\SimuladorCarreras-C++\SimuladorCarreras-C++\Main.cpp(135,28): warning C4244: 'argumento': conversión de 'float' a 'int'; posible pérdida de datos
E:\Nuevo\SimuladorCarreras-C++\SimuladorCarreras-C++\Main.cpp(135,22): warning C4244: 'argumento': conversión de 'float' a 'int'; posible pérdida de datos
E:\Nuevo\SimuladorCarreras-C++\SimuladorCarreras-C++\Main.cpp(135,60): warning C4244: 'argumento': conversión de 'float' a 'int'; posible pérdida de datos
E:\Nuevo\SimuladorCarreras-C++\SimuladorCarreras-C++\Main.cpp(137,28): warning C4244: 'argumento': conversión de 'float' a 'int'; posible pérdida de datos
E:\Nuevo\SimuladorCarreras-C++\SimuladorCarreras-C++\Main.cpp(137,22): warning C4244: 'argumento': conversión de 'float' a 'int'; posible pérdida de datos
E:\Nuevo\SimuladorCarreras-C++\SimuladorCarreras-C++\Main.cpp(137,45): warning C4244: 'argumento': conversión de 'float' a 'int'; posible pérdida de datos
E:\Nuevo\SimuladorCarreras-C++\SimuladorCarreras-C++\Main.cpp(137,69): warning C4244: 'argumento': conversión de 'float' a 'int'; posible pérdida de datos
E:\Nuevo\SimuladorCarreras-C++\SimuladorCarreras-C++\Main.cpp(139,45): warning C4244: 'argumento': conversión de 'float' a 'int'; posible pérdida de datos
E:\Nuevo\SimuladorCarreras-C++\SimuladorCarreras-C++\Main.cpp(149,45): warning C4244: 'argumento': conversión de 'float' a 'int'; posible pérdida de datos
E:\Nuevo\SimuladorCarreras-C++\SimuladorCarreras-C++\Main.cpp(159,45): warning C4244: 'argumento': conversión de 'float' a 'int'; posible pérdida de datos
E:\Nuevo\SimuladorCarreras-C++\SimuladorCarreras-C++\Main.cpp(169,45): warning C4244: 'argumento': conversión de 'float' a 'int'; posible pérdida de datos
E:\Nuevo\SimuladorCarreras-C++\SimuladorCarreras-C++\Main.cpp(179,45): warning C4244: 'argumento': conversión de 'float' a 'int'; posible pérdida de datos
E:\Nuevo\SimuladorCarreras-C++\SimuladorCarreras-C++\Main.cpp(198,36): warning C4244: 'argumento': conversión de 'float' a 'int'; posible pérdida de datos
E:\Nuevo\SimuladorCarreras-C++\SimuladorCarreras-C++\Main.cpp(199,36): warning C4244: 'argumento': conversión de 'float' a 'int'; posible pérdida de datos
E:\Nuevo\SimuladorCarreras-C++\SimuladorCarreras-C++\Main.cpp(200,36): warning C4244: 'argumento': conversión de 'float' a 'int'; posible pérdida de datos
E:\Nuevo\SimuladorCarreras-C++\SimuladorCarreras-C++\Main.cpp(201,36): warning C4244: 'argumento': conversión de 'float' a 'int'; posible pérdida de datos
E:\Nuevo\SimuladorCarreras-C++\SimuladorCarreras-C++\Main.cpp(202,36): warning C4244: 'argumento': conversión de 'float' a 'int'; posible pérdida de datos
E:\Nuevo\SimuladorCarreras-C++\SimuladorCarreras-C++\Main.cpp(206,37): warning C4244: 'argumento': conversión de 'float' a 'int'; posible pérdida de datos
E:\Nuevo\SimuladorCarreras-C++\SimuladorCarreras-C++\Main.cpp(207,37): warning C4244: 'argumento': conversión de 'float' a 'int'; posible pérdida de datos
E:\Nuevo\SimuladorCarreras-C++\SimuladorCarreras-C++\Main.cpp(208,37): warning C4244: 'argumento': conversión de 'float' a 'int'; posible pérdida de datos
E:\Nuevo\SimuladorCarreras-C++\SimuladorCarreras-C++\Main.cpp(209,37): warning C4244: 'argumento': conversión de 'float' a 'int'; posible pérdida de datos
E:\Nuevo\SimuladorCarreras-C++\SimuladorCarreras-C++\Main.cpp(210,37): warning C4244: 'argumento': conversión de 'float' a 'int'; posible pérdida de datos
E:\Nuevo\SimuladorCarreras-C++\SimuladorCarreras-C++\Main.cpp(217,9): warning C4996: '_sleep': This function or variable has been superceded by newer library or operating system functionality. Consider using Sleep instead. See online help for details.
  .NETFramework,Version=v4.7.2.AssemblyAttributes.cpp
  Generando código...
E:\Nuevo\SimuladorCarreras-C++\SimuladorCarreras-C++\Main.cpp(93,1): warning C4715: 'Ran': no todas las rutas de acceso de control devuelven un valor
  Main.obj : se encontró un módulo MSIL; vinculación incremental deshabilitada para MSIL; ejecutando vínculo completo
  SimuladorCarreras-C++.vcxproj -> E:\Nuevo\SimuladorCarreras-C++\x64\Debug\SimuladorCarreras-C++.exe
